{
  "RSpec": {
    "coverage": {
      "/Users/jpmlaaks/Documents/opiskelu/ohtu/miniprojekti/Raemae/app/helpers/application_helper.rb": [
        1,
        null
      ],
      "/Users/jpmlaaks/Documents/opiskelu/ohtu/miniprojekti/Raemae/app/helpers/books_helper.rb": [
        1,
        null
      ],
      "/Users/jpmlaaks/Documents/opiskelu/ohtu/miniprojekti/Raemae/app/models/book.rb": [
        1,
        null
      ],
      "/Users/jpmlaaks/Documents/opiskelu/ohtu/miniprojekti/Raemae/app/controllers/application_controller.rb": [
        0,
        0,
        0,
        0,
        0
      ],
      "/Users/jpmlaaks/Documents/opiskelu/ohtu/miniprojekti/Raemae/app/controllers/books_controller.rb": [
        0,
        0,
        0,
        0,
        0,
        0,
        0,
        0,
        0,
        0,
        0,
        0,
        0,
        0,
        0,
        0,
        0,
        0,
        0,
        0,
        0,
        0,
        0,
        0,
        0,
        0,
        0,
        0,
        0,
        0,
        0,
        0,
        0,
        0,
        0,
        0,
        0,
        0,
        0,
        0,
        0,
        0,
        0,
        0,
        0,
        0,
        0,
        0,
        0,
        0,
        0,
        0,
        0,
        0,
        0,
        0,
        0,
        0,
        0,
        0,
        0,
        0,
        0,
        0,
        0,
        0,
        0,
        0,
        0,
        0,
        0,
        0,
        0,
        0
      ]
    },
    "timestamp": 1460334176
  },
  "Cucumber Features": {
    "coverage": {
      "/Users/jpmlaaks/Documents/opiskelu/ohtu/miniprojekti/Raemae/app/controllers/books_controller.rb": [
        1,
        1,
        null,
        null,
        null,
        1,
        0,
        null,
        null,
        null,
        null,
        1,
        null,
        null,
        null,
        1,
        1,
        null,
        null,
        null,
        1,
        null,
        null,
        null,
        null,
        1,
        1,
        null,
        1,
        1,
        2,
        1,
        null,
        0,
        0,
        null,
        null,
        null,
        null,
        null,
        null,
        1,
        0,
        0,
        0,
        0,
        null,
        0,
        0,
        null,
        null,
        null,
        null,
        null,
        null,
        1,
        0,
        0,
        0,
        0,
        null,
        null,
        null,
        1,
        null,
        1,
        1,
        null,
        null,
        null,
        1,
        1,
        null,
        null
      ],
      "/Users/jpmlaaks/Documents/opiskelu/ohtu/miniprojekti/Raemae/app/controllers/application_controller.rb": [
        1,
        null,
        null,
        1,
        null
      ],
      "/Users/jpmlaaks/Documents/opiskelu/ohtu/miniprojekti/Raemae/app/helpers/application_helper.rb": [
        1,
        null
      ],
      "/Users/jpmlaaks/Documents/opiskelu/ohtu/miniprojekti/Raemae/app/helpers/books_helper.rb": [
        1,
        null
      ],
      "/Users/jpmlaaks/Documents/opiskelu/ohtu/miniprojekti/Raemae/app/models/book.rb": [
        1,
        null
      ]
    },
    "timestamp": 1460334227
  }
}
